{
  "stats": {
    "suites": 3,
    "tests": 4,
    "passes": 4,
    "pending": 0,
    "failures": 0,
    "testsRegistered": 4,
    "passPercent": 100,
    "pendingPercent": 0,
    "other": 0,
    "hasOther": false,
    "skipped": 0,
    "hasSkipped": false,
    "start": "2023-08-02T13:45:04.616Z",
    "end": "2023-08-02T13:45:36.206Z",
    "duration": 31590
  },
  "results": [
    {
      "uuid": "5f447a2c-c1b4-494e-a05c-d5c680927928",
      "title": "",
      "fullFile": "cypress/e2e/testQuete3.cy.js",
      "file": "cypress/e2e/testQuete3.cy.js",
      "beforeHooks": [],
      "afterHooks": [],
      "tests": [],
      "suites": [
        {
          "uuid": "f731e1ea-ec3b-4c8a-97db-6580ba731524",
          "title": "test de lAPI notes",
          "fullFile": "",
          "file": "",
          "beforeHooks": [],
          "afterHooks": [],
          "tests": [
            {
              "title": "login",
              "fullTitle": "test de lAPI notes login",
              "timedOut": null,
              "duration": 586,
              "state": "passed",
              "speed": "fast",
              "pass": true,
              "fail": false,
              "pending": false,
              "context": null,
              "code": "// cy.login(user.email, user.password)\ncy.request('POST', 'https://practice.expandtesting.com/notes/api/users/login', {\n  email: user.email,\n  password: user.password\n}).then(response => {\n  expect(response.status).to.eq(200);\n  expect(response.body).to.have.property('status');\n  expect(response.body).to.have.property('data');\n});\nit('get profile', () => {\n  cy.request('GET', 'https://practice.expandtesting.com/notes/api/users/profile').then(response => {\n    expect(response.body).to.have.property('status');\n    expect(response.body).to.have.property('data');\n    expect(response.body.message).to.eq('Profile successful');\n  });\n});\nlet note = __webpack_require__(/*! ../fixtures/notes.json */ \"./cypress/fixtures/notes.json\");\nit('cereate note', () => {\n  cy.request('POST', 'https://practice.expandtesting.com/notes/api/notes', {\n    title: note.title,\n    description: note.description,\n    category: note.category\n  }).then(response => {\n    expect(response.body).to.have.property('status');\n    expect(response.body).to.have.property('data');\n    expect(response.body.data.title).to.eq(note.title);\n  });\n});\nit('get notes', () => {\n  cy.request('GET', 'https://practice.expandtesting.com/notes/api/notes').then(response => {\n    expect(response.body).to.have.property('status');\n    expect(response.body).to.have.property('data');\n    expect(response.body.message).to.eq('Notes successfully retrieved');\n    Cypress.env('noteID', response.body.data[0].id);\n  });\n});\nit('delete note', () => {\n  const noteID = Cypress.env('noteID');\n  cy.request('DELETE', `https://practice.expandtesting.com/notes/api/notes/${noteID}`).then(response => {\n    expect(response.body).to.have.property('status');\n    expect(response.body.message).to.eq('Successful Request');\n  });\n});",
              "err": {},
              "uuid": "397a0ac7-2e26-488f-bd5d-8642cface10f",
              "parentUUID": "f731e1ea-ec3b-4c8a-97db-6580ba731524",
              "isHook": false,
              "skipped": false
            }
          ],
          "suites": [],
          "passes": [
            "397a0ac7-2e26-488f-bd5d-8642cface10f"
          ],
          "failures": [],
          "pending": [],
          "skipped": [],
          "duration": 586,
          "root": false,
          "rootEmpty": false,
          "_timeout": 2000
        }
      ],
      "passes": [],
      "failures": [],
      "pending": [],
      "skipped": [],
      "duration": 0,
      "root": true,
      "rootEmpty": true,
      "_timeout": 2000
    },
    {
      "uuid": "b3c183d4-5188-4ee5-a68a-047d698dba85",
      "title": "",
      "fullFile": "cypress/e2e/testQuete4.cy.js",
      "file": "cypress/e2e/testQuete4.cy.js",
      "beforeHooks": [],
      "afterHooks": [],
      "tests": [],
      "suites": [
        {
          "uuid": "bf61a47c-ed4c-4fdf-8045-5e13e86260cc",
          "title": "upload image",
          "fullFile": "",
          "file": "",
          "beforeHooks": [],
          "afterHooks": [],
          "tests": [
            {
              "title": "upload image",
              "fullTitle": "upload image upload image",
              "timedOut": null,
              "duration": 6559,
              "state": "passed",
              "speed": "medium",
              "pass": true,
              "fail": false,
              "pending": false,
              "context": null,
              "code": "cy.get('body').selectFile('/Users/nathanjouannon/Desktop/image.jpeg', {\n  action: 'drag-drop'\n});\ncy.contains('Add image');",
              "err": {},
              "uuid": "0d193362-d0a3-49aa-bade-b028937fd6dd",
              "parentUUID": "bf61a47c-ed4c-4fdf-8045-5e13e86260cc",
              "isHook": false,
              "skipped": false
            }
          ],
          "suites": [],
          "passes": [
            "0d193362-d0a3-49aa-bade-b028937fd6dd"
          ],
          "failures": [],
          "pending": [],
          "skipped": [],
          "duration": 6559,
          "root": false,
          "rootEmpty": false,
          "_timeout": 2000
        }
      ],
      "passes": [],
      "failures": [],
      "pending": [],
      "skipped": [],
      "duration": 0,
      "root": true,
      "rootEmpty": true,
      "_timeout": 2000
    },
    {
      "uuid": "c8d2f216-79e2-4ce8-96d3-805bd1f28c8e",
      "title": "",
      "fullFile": "cypress/e2e/testQuete2.cy.js",
      "file": "cypress/e2e/testQuete2.cy.js",
      "beforeHooks": [],
      "afterHooks": [],
      "tests": [],
      "suites": [
        {
          "uuid": "6f6adea2-0228-4823-9472-740ebfad50d8",
          "title": "create account",
          "fullFile": "",
          "file": "",
          "beforeHooks": [],
          "afterHooks": [],
          "tests": [
            {
              "title": "register",
              "fullTitle": "create account register",
              "timedOut": null,
              "duration": 10759,
              "state": "passed",
              "speed": "slow",
              "pass": true,
              "fail": false,
              "pending": false,
              "context": null,
              "code": "cy.visit('https://preprod.backmarket.fr/register');\ncy.get('button[data-qa=\"accept-cta\"]').click();\ncy.get('input[id=\"firstName\"]').type('test');\ncy.get('input[id=\"lastName\"]').type('test');\ncy.get('input[id=\"signup-email\"]').type(mail);\ncy.get('input[id=\"signup-password\"]').type(password);\ncy.get('._2OVE0h6V').click();\ncy.get('[data-qa=\"signup-submit-button\"]').click();\ncy.wait(5000);\ncy.contains('Mes commandes');",
              "err": {},
              "uuid": "fcbb614a-4592-44a7-8af4-a00945509b27",
              "parentUUID": "6f6adea2-0228-4823-9472-740ebfad50d8",
              "isHook": false,
              "skipped": false
            }
          ],
          "suites": [],
          "passes": [
            "fcbb614a-4592-44a7-8af4-a00945509b27"
          ],
          "failures": [],
          "pending": [],
          "skipped": [],
          "duration": 10759,
          "root": false,
          "rootEmpty": false,
          "_timeout": 2000
        },
        {
          "uuid": "966bc177-1425-4e94-9c27-f340e6ec69a8",
          "title": "connect to account ",
          "fullFile": "",
          "file": "",
          "beforeHooks": [],
          "afterHooks": [],
          "tests": [
            {
              "title": "visit back market",
              "fullTitle": "connect to account  visit back market",
              "timedOut": null,
              "duration": 3009,
              "state": "passed",
              "speed": "fast",
              "pass": true,
              "fail": false,
              "pending": false,
              "context": null,
              "code": "cy.visit('https://preprod.backmarket.fr/register');\ncy.get('button[data-qa=\"accept-cta\"]').click();\ncy.get('#signin-email').type(mail);\ncy.get('#signin-password').type(password);\ncy.get('[data-qa=\"signin-submit-button\"]').click();\ncy.contains('Mes commandes');",
              "err": {},
              "uuid": "dd5ea6b0-8a89-4328-97ca-d913d920a380",
              "parentUUID": "966bc177-1425-4e94-9c27-f340e6ec69a8",
              "isHook": false,
              "skipped": false
            }
          ],
          "suites": [],
          "passes": [
            "dd5ea6b0-8a89-4328-97ca-d913d920a380"
          ],
          "failures": [],
          "pending": [],
          "skipped": [],
          "duration": 3009,
          "root": false,
          "rootEmpty": false,
          "_timeout": 2000
        }
      ],
      "passes": [],
      "failures": [],
      "pending": [],
      "skipped": [],
      "duration": 0,
      "root": true,
      "rootEmpty": true,
      "_timeout": 2000
    }
  ],
  "meta": {
    "mocha": {
      "version": "7.0.1"
    },
    "mochawesome": {
      "options": {
        "quiet": false,
        "reportFilename": "mochawesome",
        "saveHtml": false,
        "saveJson": true,
        "consoleReporter": "spec",
        "useInlineDiffs": false,
        "code": true
      },
      "version": "7.1.3"
    },
    "marge": {
      "options": {
        "reportDir": "cypress/results",
        "overwrite": false,
        "html": false,
        "json": true
      },
      "version": "6.2.0"
    }
  }
}